<?xml version="1.0" encoding="UTF-8"?>
<testsuite xmlns:xsi="http://www.w3.org/2001/XMLSchema-instance" xsi:noNamespaceSchemaLocation="https://maven.apache.org/surefire/maven-surefire-plugin/xsd/surefire-test-report.xsd" name="GarageKarateTest" time="9.866" tests="12" errors="0" skipped="0" failures="0">
  <properties>
[...]
</properties>
  <testcase name="[1:7] Import several data at once" classname="[garage]" time="3.093"/>
  <testcase name="[2:25] GET all the user partners" classname="[garage]" time="0.044"/>
  <testcase name="[3:30] GET all the garages" classname="[garage]" time="0.036"/>
  <testcase name="[4:35] Delete an existing garage" classname="[garage]" time="0.033"/>
  <testcase name="[5:40] Delete a non-existing garage" classname="[garage]" time="0.019"/>
  <testcase name="[6:45] GET an existing garage" classname="[garage]" time="0.02"/>
  <testcase name="[7:50] GET a non-existing garage" classname="[garage]" time="0.019"/>
  <testcase name="[8:55] Testing the response if the size of the table corresponds to the real one" classname="[garage]" time="0.05"/>
  <testcase name="[9:61] Testing the Address Filter of GET" classname="[garage]" time="0.503"/>
  <testcase name="[10:68] Testing the POST of an invalid partner" classname="[garage]" time="0.019"/>
  <testcase name="[11:74] Basic update on an existing garage" classname="[garage]" time="0.445"/>
  <testcase name="[12:80] Basic update on a garage which does not exist" classname="[garage]" time="0.014"/>
</testsuite>